2022-10-04 13:18:11,293 INFO org.springframework.boot.StartupInfoLogger [restartedMain] Starting Application using Java 11.0.16 on kkk-Latitude-E5550 with PID 43259 (/home/kkk/Desktop/prjects/microservice.assessment/target/classes started by kkk in /home/kkk/Desktop/prjects/microservice.assessment)
2022-10-04 13:18:11,293 INFO org.springframework.boot.SpringApplication [restartedMain] No active profile set, falling back to 1 default profile: "default"
2022-10-04 13:18:11,488 INFO org.springframework.boot.web.embedded.tomcat.TomcatWebServer [restartedMain] Tomcat initialized with port(s): 8080 (http)
2022-10-04 13:18:11,488 INFO org.apache.juli.logging.DirectJDKLog [restartedMain] Starting service [Tomcat]
2022-10-04 13:18:11,489 INFO org.apache.juli.logging.DirectJDKLog [restartedMain] Starting Servlet engine: [Apache Tomcat/9.0.65]
2022-10-04 13:18:11,493 INFO org.apache.juli.logging.DirectJDKLog [restartedMain] Initializing Spring embedded WebApplicationContext
2022-10-04 13:18:11,493 INFO org.springframework.boot.web.servlet.context.ServletWebServerApplicationContext [restartedMain] Root WebApplicationContext: initialization completed in 198 ms
2022-10-04 13:18:11,622 INFO org.springframework.boot.devtools.autoconfigure.OptionalLiveReloadServer [restartedMain] LiveReload server is running on port 35729
2022-10-04 13:18:11,625 INFO org.springframework.boot.actuate.endpoint.web.EndpointLinksResolver [restartedMain] Exposing 1 endpoint(s) beneath base path '/actuator'
2022-10-04 13:18:11,633 INFO org.springframework.boot.web.embedded.tomcat.TomcatWebServer [restartedMain] Tomcat started on port(s): 8080 (http) with context path ''
2022-10-04 13:18:11,641 INFO org.springframework.boot.StartupInfoLogger [restartedMain] Started Application in 0.374 seconds (JVM running for 323.021)
2022-10-04 13:18:11,643 INFO org.springframework.boot.devtools.autoconfigure.ConditionEvaluationDeltaLoggingListener [restartedMain] Condition evaluation unchanged
2022-10-04 13:18:11,643 INFO com.youtap.microservice.assessment.Application [restartedMain] Assessment app started
2022-10-04 13:18:27,243 INFO org.springframework.boot.StartupInfoLogger [restartedMain] Starting Application using Java 11.0.16 on kkk-Latitude-E5550 with PID 43810 (/home/kkk/Desktop/prjects/microservice.assessment/target/classes started by kkk in /home/kkk/Desktop/prjects/microservice.assessment)
2022-10-04 13:18:27,246 INFO org.springframework.boot.SpringApplication [restartedMain] No active profile set, falling back to 1 default profile: "default"
2022-10-04 13:18:27,305 INFO org.springframework.boot.logging.DeferredLog [restartedMain] Devtools property defaults active! Set 'spring.devtools.add-properties' to 'false' to disable
2022-10-04 13:18:27,306 INFO org.springframework.boot.logging.DeferredLog [restartedMain] For additional web related logging consider setting the 'logging.level.web' property to 'DEBUG'
2022-10-04 13:18:28,307 INFO org.springframework.boot.web.embedded.tomcat.TomcatWebServer [restartedMain] Tomcat initialized with port(s): 8080 (http)
2022-10-04 13:18:28,314 INFO org.apache.juli.logging.DirectJDKLog [restartedMain] Initializing ProtocolHandler ["http-nio-8080"]
2022-10-04 13:18:28,314 INFO org.apache.juli.logging.DirectJDKLog [restartedMain] Starting service [Tomcat]
2022-10-04 13:18:28,315 INFO org.apache.juli.logging.DirectJDKLog [restartedMain] Starting Servlet engine: [Apache Tomcat/9.0.65]
2022-10-04 13:18:28,362 INFO org.apache.juli.logging.DirectJDKLog [restartedMain] Initializing Spring embedded WebApplicationContext
2022-10-04 13:18:28,362 INFO org.springframework.boot.web.servlet.context.ServletWebServerApplicationContext [restartedMain] Root WebApplicationContext: initialization completed in 1055 ms
2022-10-04 13:18:28,868 INFO org.springframework.boot.devtools.autoconfigure.OptionalLiveReloadServer [restartedMain] LiveReload server is running on port 35729
2022-10-04 13:18:28,875 INFO org.springframework.boot.actuate.endpoint.web.EndpointLinksResolver [restartedMain] Exposing 1 endpoint(s) beneath base path '/actuator'
2022-10-04 13:18:28,895 INFO org.apache.juli.logging.DirectJDKLog [restartedMain] Starting ProtocolHandler ["http-nio-8080"]
2022-10-04 13:18:28,915 INFO org.springframework.boot.web.embedded.tomcat.TomcatWebServer [restartedMain] Tomcat started on port(s): 8080 (http) with context path ''
2022-10-04 13:18:28,933 INFO org.springframework.boot.StartupInfoLogger [restartedMain] Started Application in 2.121 seconds (JVM running for 2.504)
2022-10-04 13:18:28,992 INFO com.youtap.microservice.assessment.Application [restartedMain] Assessment app started
2022-10-04 13:21:19,982 INFO org.apache.juli.logging.DirectJDKLog [http-nio-8080-exec-1] Initializing Spring DispatcherServlet 'dispatcherServlet'
2022-10-04 13:21:19,983 INFO org.springframework.web.servlet.FrameworkServlet [http-nio-8080-exec-1] Initializing Servlet 'dispatcherServlet'
2022-10-04 13:21:19,984 INFO org.springframework.web.servlet.FrameworkServlet [http-nio-8080-exec-1] Completed initialization in 1 ms
2022-10-04 13:21:20,012 INFO com.youtap.microservice.assessment.controller.ContactDetailsController [http-nio-8080-exec-1] ABOUT TO CALL CONTACTSLIST BACK END
2022-10-04 13:21:21,408 INFO com.youtap.microservice.assessment.controller.ContactDetailsController [http-nio-8080-exec-1] SEARCHING CONTACT DETAILS FOR PARTICULAR USER
2022-10-04 13:21:21,420 INFO com.youtap.microservice.assessment.controller.entity.User [http-nio-8080-exec-1] this.username.equalsIgnoreCase(other.username) Bret  Bret  true
2022-10-04 13:21:21,421 INFO com.youtap.microservice.assessment.controller.entity.User [http-nio-8080-exec-1] this.username.equalsIgnoreCase(other.username) Bret  Antonette  false
2022-10-04 13:21:21,421 INFO com.youtap.microservice.assessment.controller.entity.User [http-nio-8080-exec-1] this.username.equalsIgnoreCase(other.username) Bret  Samantha  false
2022-10-04 13:21:21,421 INFO com.youtap.microservice.assessment.controller.entity.User [http-nio-8080-exec-1] this.username.equalsIgnoreCase(other.username) Bret  Karianne  false
2022-10-04 13:21:21,421 INFO com.youtap.microservice.assessment.controller.entity.User [http-nio-8080-exec-1] this.username.equalsIgnoreCase(other.username) Bret  Kamren  false
2022-10-04 13:21:21,421 INFO com.youtap.microservice.assessment.controller.entity.User [http-nio-8080-exec-1] this.username.equalsIgnoreCase(other.username) Bret  Leopoldo_Corkery  false
2022-10-04 13:21:21,422 INFO com.youtap.microservice.assessment.controller.entity.User [http-nio-8080-exec-1] this.username.equalsIgnoreCase(other.username) Bret  Elwyn.Skiles  false
2022-10-04 13:21:21,422 INFO com.youtap.microservice.assessment.controller.entity.User [http-nio-8080-exec-1] this.username.equalsIgnoreCase(other.username) Bret  Maxime_Nienow  false
2022-10-04 13:21:21,422 INFO com.youtap.microservice.assessment.controller.entity.User [http-nio-8080-exec-1] this.username.equalsIgnoreCase(other.username) Bret  Delphine  false
2022-10-04 13:21:21,422 INFO com.youtap.microservice.assessment.controller.entity.User [http-nio-8080-exec-1] this.username.equalsIgnoreCase(other.username) Bret  Moriah.Stanton  false
2022-10-04 13:28:54,009 INFO com.youtap.microservice.assessment.controller.ContactDetailsController [http-nio-8080-exec-5] ABOUT TO CALL CONTACTSLIST BACK END
2022-10-04 13:28:55,492 INFO com.youtap.microservice.assessment.controller.ContactDetailsController [http-nio-8080-exec-5] SEARCHING CONTACT DETAILS FOR PARTICULAR USER
2022-10-04 13:28:55,492 INFO com.youtap.microservice.assessment.controller.entity.User [http-nio-8080-exec-5] this.username.equalsIgnoreCase(other.username) Bret  Bret  true
2022-10-04 13:28:55,492 INFO com.youtap.microservice.assessment.controller.entity.User [http-nio-8080-exec-5] this.username.equalsIgnoreCase(other.username) Bret  Antonette  false
2022-10-04 13:28:55,492 INFO com.youtap.microservice.assessment.controller.entity.User [http-nio-8080-exec-5] this.username.equalsIgnoreCase(other.username) Bret  Samantha  false
2022-10-04 13:28:55,493 INFO com.youtap.microservice.assessment.controller.entity.User [http-nio-8080-exec-5] this.username.equalsIgnoreCase(other.username) Bret  Karianne  false
2022-10-04 13:28:55,493 INFO com.youtap.microservice.assessment.controller.entity.User [http-nio-8080-exec-5] this.username.equalsIgnoreCase(other.username) Bret  Kamren  false
2022-10-04 13:28:55,493 INFO com.youtap.microservice.assessment.controller.entity.User [http-nio-8080-exec-5] this.username.equalsIgnoreCase(other.username) Bret  Leopoldo_Corkery  false
2022-10-04 13:28:55,493 INFO com.youtap.microservice.assessment.controller.entity.User [http-nio-8080-exec-5] this.username.equalsIgnoreCase(other.username) Bret  Elwyn.Skiles  false
2022-10-04 13:28:55,493 INFO com.youtap.microservice.assessment.controller.entity.User [http-nio-8080-exec-5] this.username.equalsIgnoreCase(other.username) Bret  Maxime_Nienow  false
2022-10-04 13:28:55,493 INFO com.youtap.microservice.assessment.controller.entity.User [http-nio-8080-exec-5] this.username.equalsIgnoreCase(other.username) Bret  Delphine  false
2022-10-04 13:28:55,493 INFO com.youtap.microservice.assessment.controller.entity.User [http-nio-8080-exec-5] this.username.equalsIgnoreCase(other.username) Bret  Moriah.Stanton  false
2022-10-04 13:30:52,838 INFO com.youtap.microservice.assessment.controller.ContactDetailsController [http-nio-8080-exec-7] ABOUT TO CALL CONTACTSLIST BACK END
2022-10-04 13:30:54,377 INFO com.youtap.microservice.assessment.controller.ContactDetailsController [http-nio-8080-exec-7] SEARCHING CONTACT DETAILS FOR PARTICULAR USER
2022-10-04 13:30:54,382 WARN org.springframework.web.servlet.handler.AbstractHandlerExceptionResolver [http-nio-8080-exec-7] Resolved [com.youtap.microservice.assessment.controller.exceptions.NoMatchedUserContactDetailsException: 404 NOT_FOUND "no such user "]
2022-10-04 13:33:59,856 INFO com.youtap.microservice.assessment.controller.ContactDetailsController [http-nio-8080-exec-2] ABOUT TO CALL CONTACTSLIST BACK END
2022-10-04 13:34:00,942 INFO com.youtap.microservice.assessment.controller.ContactDetailsController [http-nio-8080-exec-2] SEARCHING CONTACT DETAILS FOR PARTICULAR USER
2022-10-04 13:34:00,944 WARN org.springframework.web.servlet.handler.AbstractHandlerExceptionResolver [http-nio-8080-exec-2] Resolved [com.youtap.microservice.assessment.controller.exceptions.NoMatchedUserContactDetailsException: 404 NOT_FOUND "no such user "]
2022-10-04 13:34:09,921 INFO com.youtap.microservice.assessment.controller.ContactDetailsController [http-nio-8080-exec-1] ABOUT TO CALL CONTACTSLIST BACK END
2022-10-04 13:34:10,778 INFO com.youtap.microservice.assessment.controller.ContactDetailsController [http-nio-8080-exec-1] SEARCHING CONTACT DETAILS FOR PARTICULAR USER
2022-10-04 13:34:10,779 INFO com.youtap.microservice.assessment.controller.entity.User [http-nio-8080-exec-1] this.username.equalsIgnoreCase(other.username) "Bret"  Bret  false
2022-10-04 13:34:10,779 INFO com.youtap.microservice.assessment.controller.entity.User [http-nio-8080-exec-1] this.username.equalsIgnoreCase(other.username) "Bret"  Antonette  false
2022-10-04 13:34:10,779 INFO com.youtap.microservice.assessment.controller.entity.User [http-nio-8080-exec-1] this.username.equalsIgnoreCase(other.username) "Bret"  Samantha  false
2022-10-04 13:34:10,780 INFO com.youtap.microservice.assessment.controller.entity.User [http-nio-8080-exec-1] this.username.equalsIgnoreCase(other.username) "Bret"  Karianne  false
2022-10-04 13:34:10,780 INFO com.youtap.microservice.assessment.controller.entity.User [http-nio-8080-exec-1] this.username.equalsIgnoreCase(other.username) "Bret"  Kamren  false
2022-10-04 13:34:10,780 INFO com.youtap.microservice.assessment.controller.entity.User [http-nio-8080-exec-1] this.username.equalsIgnoreCase(other.username) "Bret"  Leopoldo_Corkery  false
2022-10-04 13:34:10,780 INFO com.youtap.microservice.assessment.controller.entity.User [http-nio-8080-exec-1] this.username.equalsIgnoreCase(other.username) "Bret"  Elwyn.Skiles  false
2022-10-04 13:34:10,780 INFO com.youtap.microservice.assessment.controller.entity.User [http-nio-8080-exec-1] this.username.equalsIgnoreCase(other.username) "Bret"  Maxime_Nienow  false
2022-10-04 13:34:10,780 INFO com.youtap.microservice.assessment.controller.entity.User [http-nio-8080-exec-1] this.username.equalsIgnoreCase(other.username) "Bret"  Delphine  false
2022-10-04 13:34:10,781 INFO com.youtap.microservice.assessment.controller.entity.User [http-nio-8080-exec-1] this.username.equalsIgnoreCase(other.username) "Bret"  Moriah.Stanton  false
2022-10-04 13:34:10,782 WARN org.springframework.web.servlet.handler.AbstractHandlerExceptionResolver [http-nio-8080-exec-1] Resolved [com.youtap.microservice.assessment.controller.exceptions.NoMatchedUserContactDetailsException: 404 NOT_FOUND "no such user "]
2022-10-04 13:34:22,378 INFO com.youtap.microservice.assessment.controller.ContactDetailsController [http-nio-8080-exec-3] ABOUT TO CALL CONTACTSLIST BACK END
2022-10-04 13:34:23,374 INFO com.youtap.microservice.assessment.controller.ContactDetailsController [http-nio-8080-exec-3] SEARCHING CONTACT DETAILS FOR PARTICULAR USER
2022-10-04 13:34:23,376 INFO com.youtap.microservice.assessment.controller.entity.User [http-nio-8080-exec-3] this.id==other.id  1  1  true
2022-10-04 13:34:23,377 INFO com.youtap.microservice.assessment.controller.entity.User [http-nio-8080-exec-3] this.id==other.id  1  2  false
2022-10-04 13:34:23,377 INFO com.youtap.microservice.assessment.controller.entity.User [http-nio-8080-exec-3] this.id==other.id  1  3  false
2022-10-04 13:34:23,377 INFO com.youtap.microservice.assessment.controller.entity.User [http-nio-8080-exec-3] this.id==other.id  1  4  false
2022-10-04 13:34:23,377 INFO com.youtap.microservice.assessment.controller.entity.User [http-nio-8080-exec-3] this.id==other.id  1  5  false
2022-10-04 13:34:23,378 INFO com.youtap.microservice.assessment.controller.entity.User [http-nio-8080-exec-3] this.id==other.id  1  6  false
2022-10-04 13:34:23,378 INFO com.youtap.microservice.assessment.controller.entity.User [http-nio-8080-exec-3] this.id==other.id  1  7  false
2022-10-04 13:34:23,378 INFO com.youtap.microservice.assessment.controller.entity.User [http-nio-8080-exec-3] this.id==other.id  1  8  false
2022-10-04 13:34:23,378 INFO com.youtap.microservice.assessment.controller.entity.User [http-nio-8080-exec-3] this.id==other.id  1  9  false
2022-10-04 13:34:23,378 INFO com.youtap.microservice.assessment.controller.entity.User [http-nio-8080-exec-3] this.id==other.id  1  10  false
2022-10-04 13:34:27,990 INFO com.youtap.microservice.assessment.controller.ContactDetailsController [http-nio-8080-exec-4] ABOUT TO CALL CONTACTSLIST BACK END
2022-10-04 13:34:28,279 INFO com.youtap.microservice.assessment.controller.ContactDetailsController [http-nio-8080-exec-4] SEARCHING CONTACT DETAILS FOR PARTICULAR USER
2022-10-04 13:34:28,280 INFO com.youtap.microservice.assessment.controller.entity.User [http-nio-8080-exec-4] this.id==other.id  1  1  true
2022-10-04 13:34:28,281 INFO com.youtap.microservice.assessment.controller.entity.User [http-nio-8080-exec-4] this.id==other.id  1  2  false
2022-10-04 13:34:28,281 INFO com.youtap.microservice.assessment.controller.entity.User [http-nio-8080-exec-4] this.id==other.id  1  3  false
2022-10-04 13:34:28,282 INFO com.youtap.microservice.assessment.controller.entity.User [http-nio-8080-exec-4] this.id==other.id  1  4  false
2022-10-04 13:34:28,282 INFO com.youtap.microservice.assessment.controller.entity.User [http-nio-8080-exec-4] this.id==other.id  1  5  false
2022-10-04 13:34:28,282 INFO com.youtap.microservice.assessment.controller.entity.User [http-nio-8080-exec-4] this.id==other.id  1  6  false
2022-10-04 13:34:28,282 INFO com.youtap.microservice.assessment.controller.entity.User [http-nio-8080-exec-4] this.id==other.id  1  7  false
2022-10-04 13:34:28,283 INFO com.youtap.microservice.assessment.controller.entity.User [http-nio-8080-exec-4] this.id==other.id  1  8  false
2022-10-04 13:34:28,283 INFO com.youtap.microservice.assessment.controller.entity.User [http-nio-8080-exec-4] this.id==other.id  1  9  false
2022-10-04 13:34:28,283 INFO com.youtap.microservice.assessment.controller.entity.User [http-nio-8080-exec-4] this.id==other.id  1  10  false
2022-10-04 13:35:29,246 INFO com.youtap.microservice.assessment.controller.ContactDetailsController [http-nio-8080-exec-8] ABOUT TO CALL CONTACTSLIST BACK END
2022-10-04 13:35:30,243 INFO com.youtap.microservice.assessment.controller.ContactDetailsController [http-nio-8080-exec-8] SEARCHING CONTACT DETAILS FOR PARTICULAR USER
2022-10-04 13:35:30,243 INFO com.youtap.microservice.assessment.controller.entity.User [http-nio-8080-exec-8] this.id==other.id  1  1  true
2022-10-04 13:35:30,244 INFO com.youtap.microservice.assessment.controller.entity.User [http-nio-8080-exec-8] this.id==other.id  1  2  false
2022-10-04 13:35:30,244 INFO com.youtap.microservice.assessment.controller.entity.User [http-nio-8080-exec-8] this.id==other.id  1  3  false
2022-10-04 13:35:30,244 INFO com.youtap.microservice.assessment.controller.entity.User [http-nio-8080-exec-8] this.id==other.id  1  4  false
2022-10-04 13:35:30,244 INFO com.youtap.microservice.assessment.controller.entity.User [http-nio-8080-exec-8] this.id==other.id  1  5  false
2022-10-04 13:35:30,245 INFO com.youtap.microservice.assessment.controller.entity.User [http-nio-8080-exec-8] this.id==other.id  1  6  false
2022-10-04 13:35:30,245 INFO com.youtap.microservice.assessment.controller.entity.User [http-nio-8080-exec-8] this.id==other.id  1  7  false
2022-10-04 13:35:30,245 INFO com.youtap.microservice.assessment.controller.entity.User [http-nio-8080-exec-8] this.id==other.id  1  8  false
2022-10-04 13:35:30,246 INFO com.youtap.microservice.assessment.controller.entity.User [http-nio-8080-exec-8] this.id==other.id  1  9  false
2022-10-04 13:35:30,246 INFO com.youtap.microservice.assessment.controller.entity.User [http-nio-8080-exec-8] this.id==other.id  1  10  false
2022-10-04 13:35:51,420 INFO com.youtap.microservice.assessment.controller.ContactDetailsController [http-nio-8080-exec-7] ABOUT TO CALL CONTACTSLIST BACK END
2022-10-04 13:35:52,593 INFO com.youtap.microservice.assessment.controller.ContactDetailsController [http-nio-8080-exec-7] SEARCHING CONTACT DETAILS FOR PARTICULAR USER
2022-10-04 13:35:52,593 INFO com.youtap.microservice.assessment.controller.entity.User [http-nio-8080-exec-7] this.id==other.id  1  1  true
2022-10-04 13:35:52,593 INFO com.youtap.microservice.assessment.controller.entity.User [http-nio-8080-exec-7] this.id==other.id  1  2  false
2022-10-04 13:35:52,593 INFO com.youtap.microservice.assessment.controller.entity.User [http-nio-8080-exec-7] this.id==other.id  1  3  false
2022-10-04 13:35:52,594 INFO com.youtap.microservice.assessment.controller.entity.User [http-nio-8080-exec-7] this.id==other.id  1  4  false
2022-10-04 13:35:52,594 INFO com.youtap.microservice.assessment.controller.entity.User [http-nio-8080-exec-7] this.id==other.id  1  5  false
2022-10-04 13:35:52,594 INFO com.youtap.microservice.assessment.controller.entity.User [http-nio-8080-exec-7] this.id==other.id  1  6  false
2022-10-04 13:35:52,594 INFO com.youtap.microservice.assessment.controller.entity.User [http-nio-8080-exec-7] this.id==other.id  1  7  false
2022-10-04 13:35:52,594 INFO com.youtap.microservice.assessment.controller.entity.User [http-nio-8080-exec-7] this.id==other.id  1  8  false
2022-10-04 13:35:52,594 INFO com.youtap.microservice.assessment.controller.entity.User [http-nio-8080-exec-7] this.id==other.id  1  9  false
2022-10-04 13:35:52,594 INFO com.youtap.microservice.assessment.controller.entity.User [http-nio-8080-exec-7] this.id==other.id  1  10  false
2022-10-04 13:36:38,703 INFO com.youtap.microservice.assessment.controller.ContactDetailsController [http-nio-8080-exec-9] ABOUT TO CALL CONTACTSLIST BACK END
2022-10-04 13:36:39,760 INFO com.youtap.microservice.assessment.controller.ContactDetailsController [http-nio-8080-exec-9] SEARCHING CONTACT DETAILS FOR PARTICULAR USER
2022-10-04 13:36:39,761 INFO com.youtap.microservice.assessment.controller.entity.User [http-nio-8080-exec-9] this.username.equalsIgnoreCase(other.username) "Bret"  Bret  false
2022-10-04 13:36:39,762 INFO com.youtap.microservice.assessment.controller.entity.User [http-nio-8080-exec-9] this.username.equalsIgnoreCase(other.username) "Bret"  Antonette  false
2022-10-04 13:36:39,762 INFO com.youtap.microservice.assessment.controller.entity.User [http-nio-8080-exec-9] this.username.equalsIgnoreCase(other.username) "Bret"  Samantha  false
2022-10-04 13:36:39,763 INFO com.youtap.microservice.assessment.controller.entity.User [http-nio-8080-exec-9] this.username.equalsIgnoreCase(other.username) "Bret"  Karianne  false
2022-10-04 13:36:39,763 INFO com.youtap.microservice.assessment.controller.entity.User [http-nio-8080-exec-9] this.username.equalsIgnoreCase(other.username) "Bret"  Kamren  false
2022-10-04 13:36:39,763 INFO com.youtap.microservice.assessment.controller.entity.User [http-nio-8080-exec-9] this.username.equalsIgnoreCase(other.username) "Bret"  Leopoldo_Corkery  false
2022-10-04 13:36:39,763 INFO com.youtap.microservice.assessment.controller.entity.User [http-nio-8080-exec-9] this.username.equalsIgnoreCase(other.username) "Bret"  Elwyn.Skiles  false
2022-10-04 13:36:39,763 INFO com.youtap.microservice.assessment.controller.entity.User [http-nio-8080-exec-9] this.username.equalsIgnoreCase(other.username) "Bret"  Maxime_Nienow  false
2022-10-04 13:36:39,763 INFO com.youtap.microservice.assessment.controller.entity.User [http-nio-8080-exec-9] this.username.equalsIgnoreCase(other.username) "Bret"  Delphine  false
2022-10-04 13:36:39,764 INFO com.youtap.microservice.assessment.controller.entity.User [http-nio-8080-exec-9] this.username.equalsIgnoreCase(other.username) "Bret"  Moriah.Stanton  false
2022-10-04 13:36:39,765 WARN org.springframework.web.servlet.handler.AbstractHandlerExceptionResolver [http-nio-8080-exec-9] Resolved [com.youtap.microservice.assessment.controller.exceptions.NoMatchedUserContactDetailsException: 404 NOT_FOUND "no such user "]
2022-10-04 13:36:52,039 INFO com.youtap.microservice.assessment.controller.ContactDetailsController [http-nio-8080-exec-10] ABOUT TO CALL CONTACTSLIST BACK END
2022-10-04 13:36:52,866 INFO com.youtap.microservice.assessment.controller.ContactDetailsController [http-nio-8080-exec-10] SEARCHING CONTACT DETAILS FOR PARTICULAR USER
2022-10-04 13:36:52,867 INFO com.youtap.microservice.assessment.controller.entity.User [http-nio-8080-exec-10] this.id==other.id  1  1  true
2022-10-04 13:36:52,869 INFO com.youtap.microservice.assessment.controller.entity.User [http-nio-8080-exec-10] this.id==other.id  1  2  false
2022-10-04 13:36:52,869 INFO com.youtap.microservice.assessment.controller.entity.User [http-nio-8080-exec-10] this.id==other.id  1  3  false
2022-10-04 13:36:52,870 INFO com.youtap.microservice.assessment.controller.entity.User [http-nio-8080-exec-10] this.id==other.id  1  4  false
2022-10-04 13:36:52,870 INFO com.youtap.microservice.assessment.controller.entity.User [http-nio-8080-exec-10] this.id==other.id  1  5  false
2022-10-04 13:36:52,870 INFO com.youtap.microservice.assessment.controller.entity.User [http-nio-8080-exec-10] this.id==other.id  1  6  false
2022-10-04 13:36:52,870 INFO com.youtap.microservice.assessment.controller.entity.User [http-nio-8080-exec-10] this.id==other.id  1  7  false
2022-10-04 13:36:52,871 INFO com.youtap.microservice.assessment.controller.entity.User [http-nio-8080-exec-10] this.id==other.id  1  8  false
2022-10-04 13:36:52,871 INFO com.youtap.microservice.assessment.controller.entity.User [http-nio-8080-exec-10] this.id==other.id  1  9  false
2022-10-04 13:36:52,871 INFO com.youtap.microservice.assessment.controller.entity.User [http-nio-8080-exec-10] this.id==other.id  1  10  false
2022-10-04 13:37:03,690 INFO com.youtap.microservice.assessment.controller.ContactDetailsController [http-nio-8080-exec-2] ABOUT TO CALL CONTACTSLIST BACK END
2022-10-04 13:37:05,045 INFO com.youtap.microservice.assessment.controller.ContactDetailsController [http-nio-8080-exec-2] SEARCHING CONTACT DETAILS FOR PARTICULAR USER
2022-10-04 13:37:05,045 INFO com.youtap.microservice.assessment.controller.entity.User [http-nio-8080-exec-2] this.id==other.id  1  1  true
2022-10-04 13:37:05,046 INFO com.youtap.microservice.assessment.controller.entity.User [http-nio-8080-exec-2] this.id==other.id  1  2  false
2022-10-04 13:37:05,046 INFO com.youtap.microservice.assessment.controller.entity.User [http-nio-8080-exec-2] this.id==other.id  1  3  false
2022-10-04 13:37:05,046 INFO com.youtap.microservice.assessment.controller.entity.User [http-nio-8080-exec-2] this.id==other.id  1  4  false
2022-10-04 13:37:05,046 INFO com.youtap.microservice.assessment.controller.entity.User [http-nio-8080-exec-2] this.id==other.id  1  5  false
2022-10-04 13:37:05,046 INFO com.youtap.microservice.assessment.controller.entity.User [http-nio-8080-exec-2] this.id==other.id  1  6  false
2022-10-04 13:37:05,047 INFO com.youtap.microservice.assessment.controller.entity.User [http-nio-8080-exec-2] this.id==other.id  1  7  false
2022-10-04 13:37:05,047 INFO com.youtap.microservice.assessment.controller.entity.User [http-nio-8080-exec-2] this.id==other.id  1  8  false
2022-10-04 13:37:05,047 INFO com.youtap.microservice.assessment.controller.entity.User [http-nio-8080-exec-2] this.id==other.id  1  9  false
2022-10-04 13:37:05,047 INFO com.youtap.microservice.assessment.controller.entity.User [http-nio-8080-exec-2] this.id==other.id  1  10  false
2022-10-04 13:37:58,779 INFO com.youtap.microservice.assessment.controller.ContactDetailsController [http-nio-8080-exec-1] ABOUT TO CALL CONTACTSLIST BACK END
2022-10-04 13:38:00,242 INFO com.youtap.microservice.assessment.controller.ContactDetailsController [http-nio-8080-exec-1] SEARCHING CONTACT DETAILS FOR PARTICULAR USER
2022-10-04 13:38:00,242 INFO com.youtap.microservice.assessment.controller.entity.User [http-nio-8080-exec-1] this.id==other.id  1  1  true
2022-10-04 13:38:00,243 INFO com.youtap.microservice.assessment.controller.entity.User [http-nio-8080-exec-1] this.id==other.id  1  2  false
2022-10-04 13:38:00,243 INFO com.youtap.microservice.assessment.controller.entity.User [http-nio-8080-exec-1] this.id==other.id  1  3  false
2022-10-04 13:38:00,243 INFO com.youtap.microservice.assessment.controller.entity.User [http-nio-8080-exec-1] this.id==other.id  1  4  false
2022-10-04 13:38:00,244 INFO com.youtap.microservice.assessment.controller.entity.User [http-nio-8080-exec-1] this.id==other.id  1  5  false
2022-10-04 13:38:00,244 INFO com.youtap.microservice.assessment.controller.entity.User [http-nio-8080-exec-1] this.id==other.id  1  6  false
2022-10-04 13:38:00,244 INFO com.youtap.microservice.assessment.controller.entity.User [http-nio-8080-exec-1] this.id==other.id  1  7  false
2022-10-04 13:38:00,244 INFO com.youtap.microservice.assessment.controller.entity.User [http-nio-8080-exec-1] this.id==other.id  1  8  false
2022-10-04 13:38:00,245 INFO com.youtap.microservice.assessment.controller.entity.User [http-nio-8080-exec-1] this.id==other.id  1  9  false
2022-10-04 13:38:00,245 INFO com.youtap.microservice.assessment.controller.entity.User [http-nio-8080-exec-1] this.id==other.id  1  10  false
2022-10-04 13:48:10,041 INFO org.springframework.boot.StartupInfoLogger [restartedMain] Starting Application using Java 17.0.3 on kkk-Latitude-E5550 with PID 44886 (/home/kkk/Desktop/prjects/microservice.assessment/target/classes started by kkk in /home/kkk/Desktop/prjects/microservice.assessment)
2022-10-04 13:48:10,044 INFO org.springframework.boot.SpringApplication [restartedMain] No active profile set, falling back to 1 default profile: "default"
2022-10-04 13:48:10,153 INFO org.springframework.boot.logging.DeferredLog [restartedMain] Devtools property defaults active! Set 'spring.devtools.add-properties' to 'false' to disable
2022-10-04 13:48:10,153 INFO org.springframework.boot.logging.DeferredLog [restartedMain] For additional web related logging consider setting the 'logging.level.web' property to 'DEBUG'
2022-10-04 13:48:11,742 INFO org.springframework.boot.web.embedded.tomcat.TomcatWebServer [restartedMain] Tomcat initialized with port(s): 8080 (http)
2022-10-04 13:48:11,757 INFO org.apache.juli.logging.DirectJDKLog [restartedMain] Initializing ProtocolHandler ["http-nio-8080"]
2022-10-04 13:48:11,757 INFO org.apache.juli.logging.DirectJDKLog [restartedMain] Starting service [Tomcat]
2022-10-04 13:48:11,758 INFO org.apache.juli.logging.DirectJDKLog [restartedMain] Starting Servlet engine: [Apache Tomcat/9.0.65]
2022-10-04 13:48:11,835 INFO org.apache.juli.logging.DirectJDKLog [restartedMain] Initializing Spring embedded WebApplicationContext
2022-10-04 13:48:11,835 INFO org.springframework.boot.web.servlet.context.ServletWebServerApplicationContext [restartedMain] Root WebApplicationContext: initialization completed in 1681 ms
2022-10-04 13:48:12,682 INFO org.springframework.boot.devtools.autoconfigure.OptionalLiveReloadServer [restartedMain] LiveReload server is running on port 35729
2022-10-04 13:48:12,693 INFO org.springframework.boot.actuate.endpoint.web.EndpointLinksResolver [restartedMain] Exposing 1 endpoint(s) beneath base path '/actuator'
2022-10-04 13:48:12,743 INFO org.apache.juli.logging.DirectJDKLog [restartedMain] Starting ProtocolHandler ["http-nio-8080"]
2022-10-04 13:48:12,774 INFO org.springframework.boot.web.embedded.tomcat.TomcatWebServer [restartedMain] Tomcat started on port(s): 8080 (http) with context path ''
2022-10-04 13:48:12,819 INFO org.springframework.boot.StartupInfoLogger [restartedMain] Started Application in 3.338 seconds (JVM running for 3.906)
2022-10-04 13:48:12,901 INFO com.youtap.microservice.assessment.Application [restartedMain] Assessment app started
2022-10-04 13:48:29,297 INFO org.apache.juli.logging.DirectJDKLog [http-nio-8080-exec-2] Initializing Spring DispatcherServlet 'dispatcherServlet'
2022-10-04 13:48:29,298 INFO org.springframework.web.servlet.FrameworkServlet [http-nio-8080-exec-2] Initializing Servlet 'dispatcherServlet'
2022-10-04 13:48:29,300 INFO org.springframework.web.servlet.FrameworkServlet [http-nio-8080-exec-2] Completed initialization in 2 ms
2022-10-04 13:48:29,341 INFO com.youtap.microservice.assessment.controller.ContactDetailsController [http-nio-8080-exec-2] ABOUT TO CALL CONTACTSLIST BACK END
2022-10-04 13:48:31,301 INFO com.youtap.microservice.assessment.controller.ContactDetailsController [http-nio-8080-exec-2] SEARCHING CONTACT DETAILS FOR PARTICULAR USER
2022-10-04 13:48:31,317 INFO com.youtap.microservice.assessment.controller.entity.User [http-nio-8080-exec-2] this.username.equalsIgnoreCase(other.username) "Bret"  Bret  false
2022-10-04 13:48:31,318 INFO com.youtap.microservice.assessment.controller.entity.User [http-nio-8080-exec-2] this.username.equalsIgnoreCase(other.username) "Bret"  Antonette  false
2022-10-04 13:48:31,318 INFO com.youtap.microservice.assessment.controller.entity.User [http-nio-8080-exec-2] this.username.equalsIgnoreCase(other.username) "Bret"  Samantha  false
2022-10-04 13:48:31,319 INFO com.youtap.microservice.assessment.controller.entity.User [http-nio-8080-exec-2] this.username.equalsIgnoreCase(other.username) "Bret"  Karianne  false
2022-10-04 13:48:31,319 INFO com.youtap.microservice.assessment.controller.entity.User [http-nio-8080-exec-2] this.username.equalsIgnoreCase(other.username) "Bret"  Kamren  false
2022-10-04 13:48:31,320 INFO com.youtap.microservice.assessment.controller.entity.User [http-nio-8080-exec-2] this.username.equalsIgnoreCase(other.username) "Bret"  Leopoldo_Corkery  false
2022-10-04 13:48:31,320 INFO com.youtap.microservice.assessment.controller.entity.User [http-nio-8080-exec-2] this.username.equalsIgnoreCase(other.username) "Bret"  Elwyn.Skiles  false
2022-10-04 13:48:31,321 INFO com.youtap.microservice.assessment.controller.entity.User [http-nio-8080-exec-2] this.username.equalsIgnoreCase(other.username) "Bret"  Maxime_Nienow  false
2022-10-04 13:48:31,332 INFO com.youtap.microservice.assessment.controller.entity.User [http-nio-8080-exec-2] this.username.equalsIgnoreCase(other.username) "Bret"  Delphine  false
2022-10-04 13:48:31,332 INFO com.youtap.microservice.assessment.controller.entity.User [http-nio-8080-exec-2] this.username.equalsIgnoreCase(other.username) "Bret"  Moriah.Stanton  false
2022-10-04 13:48:31,358 WARN org.springframework.web.servlet.handler.AbstractHandlerExceptionResolver [http-nio-8080-exec-2] Resolved [com.youtap.microservice.assessment.controller.exceptions.NoMatchedUserContactDetailsException: 404 NOT_FOUND "no such user "]
2022-10-04 13:48:42,963 INFO com.youtap.microservice.assessment.controller.ContactDetailsController [http-nio-8080-exec-3] ABOUT TO CALL CONTACTSLIST BACK END
2022-10-04 13:48:44,032 INFO com.youtap.microservice.assessment.controller.ContactDetailsController [http-nio-8080-exec-3] SEARCHING CONTACT DETAILS FOR PARTICULAR USER
2022-10-04 13:48:44,033 INFO com.youtap.microservice.assessment.controller.entity.User [http-nio-8080-exec-3] this.id==other.id  1  1  true
2022-10-04 13:48:44,033 INFO com.youtap.microservice.assessment.controller.entity.User [http-nio-8080-exec-3] this.id==other.id  1  2  false
2022-10-04 13:48:44,033 INFO com.youtap.microservice.assessment.controller.entity.User [http-nio-8080-exec-3] this.id==other.id  1  3  false
2022-10-04 13:48:44,036 INFO com.youtap.microservice.assessment.controller.entity.User [http-nio-8080-exec-3] this.id==other.id  1  4  false
2022-10-04 13:48:44,037 INFO com.youtap.microservice.assessment.controller.entity.User [http-nio-8080-exec-3] this.id==other.id  1  5  false
2022-10-04 13:48:44,037 INFO com.youtap.microservice.assessment.controller.entity.User [http-nio-8080-exec-3] this.id==other.id  1  6  false
2022-10-04 13:48:44,037 INFO com.youtap.microservice.assessment.controller.entity.User [http-nio-8080-exec-3] this.id==other.id  1  7  false
2022-10-04 13:48:44,038 INFO com.youtap.microservice.assessment.controller.entity.User [http-nio-8080-exec-3] this.id==other.id  1  8  false
2022-10-04 13:48:44,038 INFO com.youtap.microservice.assessment.controller.entity.User [http-nio-8080-exec-3] this.id==other.id  1  9  false
2022-10-04 13:48:44,039 INFO com.youtap.microservice.assessment.controller.entity.User [http-nio-8080-exec-3] this.id==other.id  1  10  false
2022-10-04 13:48:48,806 INFO com.youtap.microservice.assessment.controller.ContactDetailsController [http-nio-8080-exec-4] ABOUT TO CALL CONTACTSLIST BACK END
2022-10-04 13:48:49,130 INFO com.youtap.microservice.assessment.controller.ContactDetailsController [http-nio-8080-exec-4] SEARCHING CONTACT DETAILS FOR PARTICULAR USER
2022-10-04 13:48:49,131 INFO com.youtap.microservice.assessment.controller.entity.User [http-nio-8080-exec-4] this.username.equalsIgnoreCase(other.username) "Bret"  Bret  false
2022-10-04 13:48:49,131 INFO com.youtap.microservice.assessment.controller.entity.User [http-nio-8080-exec-4] this.username.equalsIgnoreCase(other.username) "Bret"  Antonette  false
2022-10-04 13:48:49,131 INFO com.youtap.microservice.assessment.controller.entity.User [http-nio-8080-exec-4] this.username.equalsIgnoreCase(other.username) "Bret"  Samantha  false
2022-10-04 13:48:49,132 INFO com.youtap.microservice.assessment.controller.entity.User [http-nio-8080-exec-4] this.username.equalsIgnoreCase(other.username) "Bret"  Karianne  false
2022-10-04 13:48:49,132 INFO com.youtap.microservice.assessment.controller.entity.User [http-nio-8080-exec-4] this.username.equalsIgnoreCase(other.username) "Bret"  Kamren  false
2022-10-04 13:48:49,132 INFO com.youtap.microservice.assessment.controller.entity.User [http-nio-8080-exec-4] this.username.equalsIgnoreCase(other.username) "Bret"  Leopoldo_Corkery  false
2022-10-04 13:48:49,133 INFO com.youtap.microservice.assessment.controller.entity.User [http-nio-8080-exec-4] this.username.equalsIgnoreCase(other.username) "Bret"  Elwyn.Skiles  false
2022-10-04 13:48:49,133 INFO com.youtap.microservice.assessment.controller.entity.User [http-nio-8080-exec-4] this.username.equalsIgnoreCase(other.username) "Bret"  Maxime_Nienow  false
2022-10-04 13:48:49,133 INFO com.youtap.microservice.assessment.controller.entity.User [http-nio-8080-exec-4] this.username.equalsIgnoreCase(other.username) "Bret"  Delphine  false
2022-10-04 13:48:49,134 INFO com.youtap.microservice.assessment.controller.entity.User [http-nio-8080-exec-4] this.username.equalsIgnoreCase(other.username) "Bret"  Moriah.Stanton  false
2022-10-04 13:48:49,137 WARN org.springframework.web.servlet.handler.AbstractHandlerExceptionResolver [http-nio-8080-exec-4] Resolved [com.youtap.microservice.assessment.controller.exceptions.NoMatchedUserContactDetailsException: 404 NOT_FOUND "no such user "]
2022-10-04 13:48:52,218 INFO com.youtap.microservice.assessment.controller.ContactDetailsController [http-nio-8080-exec-5] ABOUT TO CALL CONTACTSLIST BACK END
2022-10-04 13:48:54,369 INFO com.youtap.microservice.assessment.controller.ContactDetailsController [http-nio-8080-exec-5] SEARCHING CONTACT DETAILS FOR PARTICULAR USER
2022-10-04 13:48:54,369 INFO com.youtap.microservice.assessment.controller.entity.User [http-nio-8080-exec-5] this.id==other.id  1  1  true
2022-10-04 13:48:54,369 INFO com.youtap.microservice.assessment.controller.entity.User [http-nio-8080-exec-5] this.id==other.id  1  2  false
2022-10-04 13:48:54,370 INFO com.youtap.microservice.assessment.controller.entity.User [http-nio-8080-exec-5] this.id==other.id  1  3  false
2022-10-04 13:48:54,370 INFO com.youtap.microservice.assessment.controller.entity.User [http-nio-8080-exec-5] this.id==other.id  1  4  false
2022-10-04 13:48:54,371 INFO com.youtap.microservice.assessment.controller.entity.User [http-nio-8080-exec-5] this.id==other.id  1  5  false
2022-10-04 13:48:54,372 INFO com.youtap.microservice.assessment.controller.entity.User [http-nio-8080-exec-5] this.id==other.id  1  6  false
2022-10-04 13:48:54,373 INFO com.youtap.microservice.assessment.controller.entity.User [http-nio-8080-exec-5] this.id==other.id  1  7  false
2022-10-04 13:48:54,373 INFO com.youtap.microservice.assessment.controller.entity.User [http-nio-8080-exec-5] this.id==other.id  1  8  false
2022-10-04 13:48:54,374 INFO com.youtap.microservice.assessment.controller.entity.User [http-nio-8080-exec-5] this.id==other.id  1  9  false
2022-10-04 13:48:54,375 INFO com.youtap.microservice.assessment.controller.entity.User [http-nio-8080-exec-5] this.id==other.id  1  10  false
